Log file open, 04/16/17 19:38:34
LogInit:Display: Running engine for game: Space_em_up
LogPlatformFile: Not using cached read wrapper
LogInit:Display: RandInit(218670366) SRandInit(218670366).
LogTaskGraph: Started task graph with 5 named threads and 8 total threads with 1 sets of task threads.
LogStats: Stats thread started at 0.068991
LogInit: Using libcurl 7.47.1
LogInit:  - built for x86_64-pc-win32
LogInit:  - supports SSL with OpenSSL/1.0.2g
LogInit:  - supports HTTP deflate (compression) using libz 1.2.8
LogInit:  - other features:
LogInit:      CURL_VERSION_SSL
LogInit:      CURL_VERSION_LIBZ
LogInit:      CURL_VERSION_IPV6
LogInit:      CURL_VERSION_ASYNCHDNS
LogInit:      CURL_VERSION_LARGEFILE
LogInit:      CURL_VERSION_IDN
LogInit:  CurlRequestOptions (configurable via config and command line):
LogInit:  - bVerifyPeer = false  - Libcurl will NOT verify peer certificate
LogInit:  - bUseHttpProxy = false  - Libcurl will NOT use HTTP proxy
LogInit:  - bDontReuseConnections = false  - Libcurl will reuse connections
LogInit:  - CertBundlePath = nullptr  - Libcurl will use whatever was configured at build time.
LogInit: Build: ++UE4+Release-4.15-CL-3348071
LogInit: Engine Version: 4.15.1-3348071+++UE4+Release-4.15
LogInit: Compatible Engine Version: 4.15.0-3299760+++UE4+Release-4.15
LogInit: Net CL: 3299760
LogDevObjectVersion: Number of dev versions registered: 14
LogDevObjectVersion:   Dev-Blueprints (B0D832E4-1F89-4F0D-ACCF-7EB736FD4AA2): 8
LogDevObjectVersion:   Dev-Build (E1C64328-A22C-4D53-A36C-8E866417BD8C): 0
LogDevObjectVersion:   Dev-Core (375EC13C-06E4-48FB-B500-84F0262A717E): 2
LogDevObjectVersion:   Dev-Editor (E4B068ED-F494-42E9-A231-DA0B2E46BB41): 14
LogDevObjectVersion:   Dev-Framework (CFFC743F-43B0-4480-9391-14DF171D2073): 22
LogDevObjectVersion:   Dev-Mobile (B02B49B5-BB20-44E9-A304-32B752E40360): 0
LogDevObjectVersion:   Dev-Networking (A4E4105C-59A1-49B5-A7C5-40C4547EDFEE): 0
LogDevObjectVersion:   Dev-Online (39C831C9-5AE6-47DC-9A44-9C173E1C8E7C): 0
LogDevObjectVersion:   Dev-Physics (78F01B33-EBEA-4F98-B9B4-84EACCB95AA2): 0
LogDevObjectVersion:   Dev-Platform (6631380F-2D4D-43E0-8009-CF276956A95A): 0
LogDevObjectVersion:   Dev-Rendering (12F88B9F-8875-4AFC-A67C-D90C383ABD29): 12
LogDevObjectVersion:   Dev-Sequencer (7B5AE74C-D270-4C10-A958-57980B212A5A): 3
LogDevObjectVersion:   Dev-VR (D7296918-1DD6-4BDD-9DE2-64A83CC13884): 0
LogDevObjectVersion:   Dev-LoadTimes (C2A15278-BFE7-4AFE-6C17-90FF531DF755): 1
LogInit: Compiled (64-bit): Mar 15 2017 16:52:47
LogInit: Compiled with Visual C++: 19.00.23026.00
LogInit: Build Configuration: Development
LogInit: Branch Name: ++UE4+Release-4.15
LogInit: Command line: -EpicPortal 
LogInit: Base directory: C:/Program Files/Epic Games/UE_4.15/Engine/Binaries/Win64/
LogInit: Installed Engine Build: 1
LogInit: Presizing for max 8388607 objects, including 0 objects not considered by GC, pre-allocating 0 bytes for permanent pool.
LogInit: Object subsystem initialized
[2017.04.16-16.38.34:815][  0]LogInit: Selected Device Profile: [Windows]
[2017.04.16-16.38.34:815][  0]LogInit: Applying CVar settings loaded from the selected device profile: [Windows]
[2017.04.16-16.38.34:823][  0]LogInit: Computer: JUSTICE
[2017.04.16-16.38.34:823][  0]LogInit: User: kiril
[2017.04.16-16.38.34:823][  0]LogInit: CPU Page size=65536, Cores=4
[2017.04.16-16.38.34:823][  0]LogInit: High frequency timer resolution =3.421877 MHz
[2017.04.16-16.38.34:823][  0]LogMemory: Memory total: Physical=16.0GB (16GB approx)
[2017.04.16-16.38.34:823][  0]LogMemory: Platform Memory Stats for Windows
[2017.04.16-16.38.34:823][  0]LogMemory: Process Physical Memory: 263.48 MB used, 263.48 MB peak
[2017.04.16-16.38.34:823][  0]LogMemory: Process Virtual Memory: 262.29 MB used, 262.29 MB peak
[2017.04.16-16.38.34:823][  0]LogMemory: Physical Memory: 8332.79 MB used,  8009.49 MB free, 16342.29 MB total
[2017.04.16-16.38.34:823][  0]LogMemory: Virtual Memory: 644.16 MB used,  8009.49 MB free, 134217728.00 MB total
[2017.04.16-16.38.34:886][  0]LogTextLocalizationManager: No translations for ('ru-RU') exist, falling back to 'en' for localization and internationalization data.
[2017.04.16-16.38.35:380][  0]LogD3D11RHI: D3D11 adapters:
[2017.04.16-16.38.35:851][  0]LogD3D11RHI:    0. 'NVIDIA GeForce GTX 1070' (Feature Level 11_0)
[2017.04.16-16.38.35:851][  0]LogD3D11RHI:       8119/0/8171 MB DedicatedVideo/DedicatedSystem/SharedSystem, Outputs:1, VendorId:0x10de
[2017.04.16-16.38.35:852][  0]LogD3D11RHI:    1. 'Microsoft Basic Render Driver' (Feature Level 11_0)
[2017.04.16-16.38.35:852][  0]LogD3D11RHI:       0/0/8171 MB DedicatedVideo/DedicatedSystem/SharedSystem, Outputs:0, VendorId:0x1414
[2017.04.16-16.38.35:852][  0]LogD3D11RHI: Chosen D3D11 Adapter: 0
[2017.04.16-16.38.35:858][  0]LogD3D11RHI: Creating new Direct3DDevice
[2017.04.16-16.38.35:858][  0]LogD3D11RHI:     GPU DeviceId: 0x1b81 (for the marketing name, search the web for "GPU Device Id")
[2017.04.16-16.38.35:858][  0]LogWindows: EnumDisplayDevices:
[2017.04.16-16.38.35:858][  0]LogWindows:    0. 'NVIDIA GeForce GTX 1070' (P:1 D:1)
[2017.04.16-16.38.35:858][  0]LogWindows:    1. 'NVIDIA GeForce GTX 1070' (P:0 D:0)
[2017.04.16-16.38.35:858][  0]LogWindows:    2. 'NVIDIA GeForce GTX 1070' (P:0 D:0)
[2017.04.16-16.38.35:858][  0]LogWindows:    3. 'NVIDIA GeForce GTX 1070' (P:0 D:0)
[2017.04.16-16.38.35:858][  0]LogWindows: DebugString: FoundDriverCount:4 
[2017.04.16-16.38.35:858][  0]LogD3D11RHI:     Adapter Name: NVIDIA GeForce GTX 1070
[2017.04.16-16.38.35:858][  0]LogD3D11RHI:   Driver Version: 381.65 (internal:22.21.13.8165, unified:381.65)
[2017.04.16-16.38.35:858][  0]LogD3D11RHI:      Driver Date: 3-31-2017
[2017.04.16-16.38.35:858][  0]LogRHI: Texture pool is 1361 MB (70% of 1945 MB)
[2017.04.16-16.38.36:300][  0]LogD3D11RHI: Async texture creation enabled
[2017.04.16-16.38.36:325][  0]LogD3D11RHI: GPU Timing Frequency: 1000.000000 (Debug: 2 1)
[2017.04.16-16.38.36:373][  0]LogShaderCompilers: Guid format shader working directory is 4 characters bigger than the processId version (D:/Unreal Project/Space-em-up/Space_em_up/Intermediate/Shaders/WorkingDirectory/14668/).
[2017.04.16-16.38.36:373][  0]LogShaderCompilers: Cleaned the shader compiler working directory 'C:/Users/kiril/AppData/Local/Temp/UnrealShaderWorkingDir/2EF0FB3447C517AC49E214B5431E2F11/'.
[2017.04.16-16.38.36:373][  0]LogShaderCompilers:Display: Using Local Shader Compiler.
[2017.04.16-16.38.37:167][  0]LogTemp:Display: Loaded TP AllDesktopTargetPlatform
[2017.04.16-16.38.37:209][  0]LogTemp:Display: Loaded TP MacClientTargetPlatform
[2017.04.16-16.38.37:250][  0]LogTemp:Display: Loaded TP MacNoEditorTargetPlatform
[2017.04.16-16.38.37:291][  0]LogTemp:Display: Loaded TP MacServerTargetPlatform
[2017.04.16-16.38.37:332][  0]LogTemp:Display: Loaded TP MacTargetPlatform
[2017.04.16-16.38.37:373][  0]LogTemp:Display: Loaded TP WindowsClientTargetPlatform
[2017.04.16-16.38.37:414][  0]LogTemp:Display: Loaded TP WindowsNoEditorTargetPlatform
[2017.04.16-16.38.37:455][  0]LogTemp:Display: Loaded TP WindowsServerTargetPlatform
[2017.04.16-16.38.37:488][  0]LogTemp:Display: Loaded TP WindowsTargetPlatform
[2017.04.16-16.38.37:527][  0]LogTemp:Display: Loaded TP AndroidTargetPlatform
[2017.04.16-16.38.37:566][  0]LogTemp:Display: Loaded TP Android_ASTCTargetPlatform
[2017.04.16-16.38.37:606][  0]LogTemp:Display: Loaded TP Android_ATCTargetPlatform
[2017.04.16-16.38.37:645][  0]LogTemp:Display: Loaded TP Android_DXTTargetPlatform
[2017.04.16-16.38.37:686][  0]LogTemp:Display: Loaded TP Android_ETC1TargetPlatform
[2017.04.16-16.38.37:726][  0]LogTemp:Display: Loaded TP Android_ETC2TargetPlatform
[2017.04.16-16.38.37:804][  0]LogTemp:Display: Loaded TP Android_MultiTargetPlatform
[2017.04.16-16.38.37:804][  0]LogTemp:Display: Loaded TP Android_PVRTCTargetPlatform
[2017.04.16-16.38.37:833][  0]LogTemp:Display: Loaded TP HTML5TargetPlatform
[2017.04.16-16.38.37:913][  0]LogTemp:Display: Loaded TP IOSTargetPlatform
[2017.04.16-16.38.37:939][  0]LogTemp:Display: Loaded TP TVOSTargetPlatform
[2017.04.16-16.38.37:980][  0]LogTemp:Display: Loaded TP LinuxClientTargetPlatform
[2017.04.16-16.38.38:021][  0]LogTemp:Display: Loaded TP LinuxNoEditorTargetPlatform
[2017.04.16-16.38.38:061][  0]LogTemp:Display: Loaded TP LinuxServerTargetPlatform
[2017.04.16-16.38.38:102][  0]LogTemp:Display: Loaded TP LinuxTargetPlatform
[2017.04.16-16.38.38:102][  0]LogTargetPlatformManager:Display: Building Assets For Windows
[2017.04.16-16.38.38:435][  0]LogDerivedDataCache:Display: Max Cache Size: 512 MB
[2017.04.16-16.38.38:474][  0]LogDerivedDataCache: Loaded boot cache 0.04s 50MB C:/Users/kiril/AppData/Local/UnrealEngine/4.15/DerivedDataCache/Boot.ddc.
[2017.04.16-16.38.38:474][  0]LogDerivedDataCache:Display: Loaded Boot cache: C:/Users/kiril/AppData/Local/UnrealEngine/4.15/DerivedDataCache/Boot.ddc
[2017.04.16-16.38.38:474][  0]LogDerivedDataCache: FDerivedDataBackendGraph:  Pak pak cache file D:/Unreal Project/Space-em-up/Space_em_up/DerivedDataCache/DDC.ddp not found, will not use a pak cache.
[2017.04.16-16.38.38:474][  0]LogDerivedDataCache: Unable to find inner node Pak for hierarchical cache Hierarchy.
[2017.04.16-16.38.38:474][  0]LogDerivedDataCache: FDerivedDataBackendGraph:  CompressedPak pak cache file D:/Unreal Project/Space-em-up/Space_em_up/DerivedDataCache/Compressed.ddp not found, will not use a pak cache.
[2017.04.16-16.38.38:474][  0]LogDerivedDataCache: Unable to find inner node CompressedPak for hierarchical cache Hierarchy.
[2017.04.16-16.38.38:488][  0]LogDerivedDataCache:Display: Pak cache opened for reading ../../../Engine/DerivedDataCache/Compressed.ddp.
[2017.04.16-16.38.38:500][  0]LogDerivedDataCache: Using Local data cache path C:/Users/kiril/AppData/Local/UnrealEngine/Common/DerivedDataCache: Writable
[2017.04.16-16.38.38:507][  0]LogSlate: Using Freetype 2.6.0
[2017.04.16-16.38.38:507][  0]LogSlate: SlateFontCache - WITH_FREETYPE: 1, WITH_HARFBUZZ: 1
[2017.04.16-16.38.38:507][  0]LogSlate: SlateFontCache - WITH_FREETYPE: 1, WITH_HARFBUZZ: 1
[2017.04.16-16.38.38:699][  0]LogInit: Selected Device Profile: [Windows]
[2017.04.16-16.38.38:701][  0]LogContentStreaming: Texture pool size is 0.00 MB
[2017.04.16-16.38.38:858][  0]LogMeshUtilities: Using QuadricMeshReduction for automatic static mesh reduction
[2017.04.16-16.38.38:890][  0]LogSimplygon: Simplygon DLL not present - disabling.
[2017.04.16-16.38.38:926][  0]LogMeshUtilities: Using SimplygonSwarm for distributed automatic mesh merging
[2017.04.16-16.38.38:926][  0]LogMeshUtilities: No automatic skeletal mesh reduction module available
[2017.04.16-16.38.38:926][  0]LogMeshUtilities: No automatic mesh merging module available
[2017.04.16-16.38.39:332][  0]LogNetVersion: GetLocalNetworkVersion: CL: 3299760, ProjectName: space_em_up, ProjectVersion: , EngineNetworkVersion: 2, GameNetworkVersion: 0, NetworkChecksum: 3151001021
[2017.04.16-16.38.39:372][  0]LogAssetRegistry: FAssetRegistry took 0.0215 seconds to start up
[2017.04.16-16.38.39:400][  0]LogPackageLocalizationCache: Processed 3 localized package path(s) for 1 prioritized culture(s) in 0.011562 seconds
[2017.04.16-16.38.39:404][  0]LogUObjectArray: 32493 objects as part of root set at end of initial load.
[2017.04.16-16.38.39:404][  0]LogUObjectAllocator: 7077032 out of 0 bytes used by permanent object pool.
[2017.04.16-16.38.39:404][  0]LogUObjectArray: CloseDisregardForGC: 0/0 objects in disregard for GC pool
[2017.04.16-16.38.39:454][  0]LogInit: WinSock: version 1.1 (2.2), MaxSocks=32767, MaxUdp=65467
[2017.04.16-16.38.40:681][  0]LogTcpMessaging: Initializing TcpMessaging bridge
[2017.04.16-16.38.40:731][  0]LogUdpMessaging: Initializing bridge on interface 0.0.0.0:0 to multicast group 230.0.0.1:6666.
[2017.04.16-16.38.41:086][  0]LogMaterial: Uniform references updated for custom material expression Custom.
[2017.04.16-16.38.41:366][  0]SourceControl: Info Source control is disabled
[2017.04.16-16.38.42:654][  0]LogEngine: Initializing Engine...
[2017.04.16-16.38.42:655][  0]LogHMD: Failed to initialize OpenVR with code 110
[2017.04.16-16.38.42:832][  0]LogAIModule: Creating AISystem for world Untitled
[2017.04.16-16.38.42:837][  0]LogInit: XAudio2 using 'Speakers (High Definition Audio Device)' : 2 channels at 44.1 kHz using 16 bits per sample (channel mask 0x3)
[2017.04.16-16.38.42:849][  0]LogInit: FAudioDevice initialized.
[2017.04.16-16.38.42:870][  0]LogDerivedDataCache: Saved boot cache 0.02s 50MB C:/Users/kiril/AppData/Local/UnrealEngine/4.15/DerivedDataCache/Boot.ddc.
[2017.04.16-16.38.42:876][  0]LogInit: Texture streaming: Enabled
[2017.04.16-16.38.42:948][  0]LogEngineSessionManager: EngineSessionManager initialized
[2017.04.16-16.38.43:014][  0]LogInit: Transaction tracking system initialized
[2017.04.16-16.38.43:275][  0]BlueprintLog: New page: Editor Load
[2017.04.16-16.38.43:992][  0]LocalizationService: Info Localization service is disabled
[2017.04.16-16.38.44:514][  0]LogConsoleResponse:Display: 
[2017.04.16-16.38.44:615][  0]LogCook:Display: Max memory allowance for cook 16384mb min free memory 0mb
[2017.04.16-16.38.44:615][  0]LogCook:Display: Mobile HDR setting 1
[2017.04.16-16.38.45:472][  0]LogFileCache: Scanning file cache for directory 'D:/Unreal Project/Space-em-up/Space_em_up/Content/' took 0.01s
[2017.04.16-16.38.45:472][  0]Cmd: MAP LOAD FILE="D:/Unreal Project/Space-em-up/Space_em_up/Content/ThirdPersonBP/Maps/ThirdPersonExampleMap.umap" TEMPLATE=0 SHOWPROGRESS=1 FEATURELEVEL=3
[2017.04.16-16.38.45:472][  0]LightingResults: New page: Lighting Build
[2017.04.16-16.38.45:501][  0]MapCheck: New page: Map Check
[2017.04.16-16.38.45:501][  0]LightingResults: New page: Lighting Build
[2017.04.16-16.38.45:800][  0]LogAIModule: Creating AISystem for world ThirdPersonExampleMap
[2017.04.16-16.38.45:821][  0]LogEditorServer: Finished looking for orphan Actors (0.000 secs)
[2017.04.16-16.38.45:821][  0]Cmd: MAP CHECKDEP NOCLEARLOG
[2017.04.16-16.38.45:855][  0]MapCheck: Info Map check complete: 0 Error(s), 0 Warning(s), took 34.217ms to complete.
[2017.04.16-16.38.45:855][  0]LogFileHelpers: Loading map 'ThirdPersonExampleMap' took 0.384
[2017.04.16-16.38.45:915][  0]LogWindowsTextInputMethodSystem:Display: IME system now deactivated.
[2017.04.16-16.38.46:004][  0]LogCollectionManager: Loaded 0 collections in 0.001183 seconds
[2017.04.16-16.38.46:072][  0]LogFileCache: Scanning file cache for directory 'D:/Unreal Project/Space-em-up/Space_em_up/Saved/Collections/' took 0.01s
[2017.04.16-16.38.46:072][  0]LogFileCache: Scanning file cache for directory 'D:/Unreal Project/Space-em-up/Space_em_up/Content/Developers/kiril/Collections/' took 0.01s
[2017.04.16-16.38.46:072][  0]LogFileCache: Scanning file cache for directory 'D:/Unreal Project/Space-em-up/Space_em_up/Content/Collections/' took 0.01s
[2017.04.16-16.38.46:072][  0]LogCollectionManager: Rebuilt the GUID cache for 0 collections in 0.000001 seconds
[2017.04.16-16.38.46:079][  0]LogContentBrowser: Native class hierarchy populated in 0.0073 seconds. Added 2245 classes and 453 folders.
[2017.04.16-16.38.46:082][  0]LogStats: UGameplayTagsManager::ConstructGameplayTagTree: Construct from data asset -  0.000 s
[2017.04.16-16.38.46:082][  0]LogStats: UGameplayTagsManager::ConstructGameplayTagTree: GameplayTagTreeChangedEvent.Broadcast -  0.000 s
[2017.04.16-16.38.46:129][  0]LogContentBrowser: Native class hierarchy updated for 'WidgetCarousel' in 0.0005 seconds. Added 0 classes and 0 folders.
[2017.04.16-16.38.46:157][  0]LogContentBrowser: Native class hierarchy updated for 'AddContentDialog' in 0.0006 seconds. Added 0 classes and 0 folders.
[2017.04.16-16.38.46:196][  0]LogContentBrowser: Native class hierarchy updated for 'SceneOutliner' in 0.0007 seconds. Added 1 classes and 2 folders.
[2017.04.16-16.38.46:232][  0]LogCrashTracker: Crashtracker disabled due to settings.
[2017.04.16-16.38.46:239][  0]LogUObjectGlobals:Warning: Failed to find object 'Class None.'
[2017.04.16-16.38.46:294][  0]LogContentBrowser: Native class hierarchy updated for 'HierarchicalLODOutliner' in 0.0005 seconds. Added 1 classes and 2 folders.
[2017.04.16-16.38.46:294][  0]LogLoad: (Engine Initialization) Total time: 12.86 seconds
[2017.04.16-16.38.46:294][  0]LogLoad: (Engine Initialization) Total Blueprint compile time: 0.11 seconds
[2017.04.16-16.38.46:294][  0]LogExternalProfiler: Found external profiler: VSPerf
[2017.04.16-16.38.46:294][  0]LogExternalProfiler: Using external profiler: VSPerf
[2017.04.16-16.38.46:306][  0]LogOcInput: OculusInput pre-init called
[2017.04.16-16.38.46:324][  0]LogAssetRegistry: Asset discovery search completed in 6.9729 seconds
[2017.04.16-16.38.46:324][  0]LogCollectionManager: Rebuilt the object cache for 0 collections in 0.000004 seconds (found 0 objects)
[2017.04.16-16.38.46:324][  0]LogCollectionManager: Fixed up redirectors for 0 collections in 0.000014 seconds (updated 0 objects)
[2017.04.16-16.38.46:327][  0]SourceControl: Info On branch master
[2017.04.16-16.38.46:327][  0]SourceControl: Info Your branch is up-to-date with 'origin/master'.
[2017.04.16-16.38.46:327][  0]SourceControl: Info Untracked files:
[2017.04.16-16.38.46:327][  0]SourceControl: Info   (use "git add <file>..." to include in what will be committed)
[2017.04.16-16.38.46:327][  0]SourceControl: Info 	Space_em_up/
[2017.04.16-16.38.46:327][  0]SourceControl: Info nothing added to commit but untracked files present (use "git add" to track)
[2017.04.16-16.38.46:328][  0]LogContentStreaming: Texture pool size now 1000 MB
[2017.04.16-16.38.46:335][  0]LogSlate: Took 0.000151 seconds to synchronously load lazily loaded font '../../../Engine/Content/Slate/Fonts/Roboto-Regular.ttf' (155K)
[2017.04.16-16.38.46:338][  0]LogSlate: Took 0.000143 seconds to synchronously load lazily loaded font '../../../Engine/Content/Slate/Fonts/Roboto-Bold.ttf' (160K)
[2017.04.16-16.38.46:342][  0]LogSlate: Took 0.000117 seconds to synchronously load lazily loaded font '../../../Engine/Content/Editor/Slate/Fonts/FontAwesome.ttf' (139K)
[2017.04.16-16.38.46:434][  0]LogSlate: Took 0.000197 seconds to synchronously load lazily loaded font '../../../Engine/Content/Slate/Fonts/Roboto-Light.ttf' (159K)
[2017.04.16-16.38.46:475][  0]LogRenderer: Reallocating scene render targets to support 1208x576 NumSamples 1 (Frame:2).
[2017.04.16-16.38.58:120][413]LogEditorViewport: Clicking on Actor (LMB): StaticMeshActor (Floor)
[2017.04.16-16.38.59:217][537]LogEditorViewport: Clicking on Actor (LMB): ThirdPersonCharacter_C (ThirdPersonCharacter)
[2017.04.16-16.39.00:945][730]LogTemp: Repeting last play command: Selected Viewport
[2017.04.16-16.39.00:953][730]LogBlueprintUserMessages: Early PlayInEditor Detection: Level '/Game/ThirdPersonBP/Maps/ThirdPersonExampleMap.ThirdPersonExampleMap:PersistentLevel' has LevelScriptBlueprint '/Game/ThirdPersonBP/Maps/ThirdPersonExampleMap.ThirdPersonExampleMap:PersistentLevel.ThirdPersonExampleMap' with GeneratedClass '/Game/ThirdPersonBP/Maps/ThirdPersonExampleMap.ThirdPersonExampleMap_C' with ClassGeneratedBy '/Game/ThirdPersonBP/Maps/ThirdPersonExampleMap.ThirdPersonExampleMap:PersistentLevel.ThirdPersonExampleMap'
[2017.04.16-16.39.00:953][730]LogPlayLevel: PlayLevel: No blueprints needed recompiling
[2017.04.16-16.39.00:953][730]PIE: New page: PIE session: ThirdPersonExampleMap (Apr 16, 2017, 11:39:00 PM)
[2017.04.16-16.39.00:953][730]LogPlayLevel: Creating play world package: /Game/ThirdPersonBP/Maps/UEDPIE_0_ThirdPersonExampleMap
[2017.04.16-16.39.00:974][730]LogPlayLevel: PIE: StaticDuplicateObject took: (0.020905s)
[2017.04.16-16.39.00:975][730]LogAIModule: Creating AISystem for world ThirdPersonExampleMap
[2017.04.16-16.39.00:975][730]LogPlayLevel: PIE: World Init took: (0.001089s)
[2017.04.16-16.39.00:975][730]LogPlayLevel: PIE: Created PIE world by copying editor world from /Game/ThirdPersonBP/Maps/ThirdPersonExampleMap.ThirdPersonExampleMap to /Game/ThirdPersonBP/Maps/UEDPIE_0_ThirdPersonExampleMap.ThirdPersonExampleMap (0.022284s)
[2017.04.16-16.39.01:014][730]LogInit: XAudio2 using 'Speakers (High Definition Audio Device)' : 2 channels at 44.1 kHz using 16 bits per sample (channel mask 0x3)
[2017.04.16-16.39.01:019][730]LogInit: FAudioDevice initialized.
[2017.04.16-16.39.01:068][730]LogLoad: Game class is 'ThirdPersonGameMode_C'
[2017.04.16-16.39.01:071][730]LogWorld: Bringing World /Game/ThirdPersonBP/Maps/UEDPIE_0_ThirdPersonExampleMap.ThirdPersonExampleMap up for play (max tick rate 0) at 2017.04.16-19.39.01
[2017.04.16-16.39.01:071][730]LogWorld: Bringing up level for play took: 0.001417
[2017.04.16-16.39.01:103][730]LogContentBrowser: Native class hierarchy updated for 'MovieSceneCapture' in 0.0005 seconds. Added 11 classes and 0 folders.
[2017.04.16-16.39.01:103][730]PIE: Info Play in editor start time for /Game/ThirdPersonBP/Maps/UEDPIE_0_ThirdPersonExampleMap -0.748
[2017.04.16-16.39.01:103][730]LogBlueprintUserMessages: Late PlayInEditor Detection: Level '/Game/ThirdPersonBP/Maps/ThirdPersonExampleMap.ThirdPersonExampleMap:PersistentLevel' has LevelScriptBlueprint '/Game/ThirdPersonBP/Maps/ThirdPersonExampleMap.ThirdPersonExampleMap:PersistentLevel.ThirdPersonExampleMap' with GeneratedClass '/Game/ThirdPersonBP/Maps/ThirdPersonExampleMap.ThirdPersonExampleMap_C' with ClassGeneratedBy '/Game/ThirdPersonBP/Maps/ThirdPersonExampleMap.ThirdPersonExampleMap:PersistentLevel.ThirdPersonExampleMap'
[2017.04.16-16.39.07:552][500]LogBlueprintUserMessages: Early EndPlayMap Detection: Level '/Game/ThirdPersonBP/Maps/ThirdPersonExampleMap.ThirdPersonExampleMap:PersistentLevel' has LevelScriptBlueprint '/Game/ThirdPersonBP/Maps/ThirdPersonExampleMap.ThirdPersonExampleMap:PersistentLevel.ThirdPersonExampleMap' with GeneratedClass '/Game/ThirdPersonBP/Maps/ThirdPersonExampleMap.ThirdPersonExampleMap_C' with ClassGeneratedBy '/Game/ThirdPersonBP/Maps/ThirdPersonExampleMap.ThirdPersonExampleMap:PersistentLevel.ThirdPersonExampleMap'
[2017.04.16-16.39.07:633][500]LogBlueprintUserMessages: Late EndPlayMap Detection: Level '/Game/ThirdPersonBP/Maps/ThirdPersonExampleMap.ThirdPersonExampleMap:PersistentLevel' has LevelScriptBlueprint '/Game/ThirdPersonBP/Maps/ThirdPersonExampleMap.ThirdPersonExampleMap:PersistentLevel.ThirdPersonExampleMap' with GeneratedClass '/Game/ThirdPersonBP/Maps/ThirdPersonExampleMap.ThirdPersonExampleMap_C' with ClassGeneratedBy '/Game/ThirdPersonBP/Maps/ThirdPersonExampleMap.ThirdPersonExampleMap:PersistentLevel.ThirdPersonExampleMap'
[2017.04.16-16.39.15:294][402]SourceControl: Info fatal: C:/Program Files/Epic Games/UE_4.15/Engine/Content/: 'C:/Program Files/Epic Games/UE_4.15/Engine/Content/' is outside repository
[2017.04.16-16.39.15:356][402]LogPackageName:Error: Illegal call to DoesPackageExist: 'D:/Unreal Project/Space-em-up/Space_em_up/Space_em_up.uproject' is not a standard unreal filename or a long path name. Reason: Path should be no less than 4 characters long.
[2017.04.16-16.39.15:510][402]LogStats: FPlatformStackWalk::StackWalkAndDump -  0.153 s
[2017.04.16-16.39.15:510][402]LogOutputDevice:Error: === Handled ensure: ===
[2017.04.16-16.39.15:510][402]LogOutputDevice:Error: 
[2017.04.16-16.39.15:510][402]LogOutputDevice:Error: Ensure condition failed: false [File:D:\Build\++UE4+Release-4.15+Compile\Sync\Engine\Source\Runtime\CoreUObject\Private\Misc\PackageName.cpp] [Line: 650]
[2017.04.16-16.39.15:510][402]LogOutputDevice:Error: Illegal call to DoesPackageExist: 'D:/Unreal Project/Space-em-up/Space_em_up/Space_em_up.uproject' is not a standard unreal filename or a long path name. Reason: Path should be no less than 4 characters long.
[2017.04.16-16.39.15:510][402]LogOutputDevice:Error: Stack: 
[2017.04.16-16.39.15:510][402]LogOutputDevice:Error: UE4Editor-Core.dll!0x00000000EB8A95E6
[2017.04.16-16.39.15:510][402]LogOutputDevice:Error: UE4Editor-Core.dll!0x00000000EB659B82
[2017.04.16-16.39.15:510][402]LogOutputDevice:Error: UE4Editor-Core.dll!0x00000000EB66B666
[2017.04.16-16.39.15:510][402]LogOutputDevice:Error: UE4Editor-CoreUObject.dll!0x00000000E9ACA6B8
[2017.04.16-16.39.15:510][402]LogOutputDevice:Error: UE4Editor-SourceControl.dll!0x00000000FBBA3D22
[2017.04.16-16.39.15:510][402]LogOutputDevice:Error: UE4Editor-SourceControl.dll!0x00000000FBBA3EB9
[2017.04.16-16.39.15:510][402]LogOutputDevice:Error: UE4Editor-SourceControlWindows.dll!0x00000000D9491D2E
[2017.04.16-16.39.15:510][402]LogOutputDevice:Error: UE4Editor-SourceControlWindows.dll!0x00000000D944B4B5
[2017.04.16-16.39.15:510][402]LogOutputDevice:Error: UE4Editor-SourceControlWindows.dll!0x00000000D944AA8D
[2017.04.16-16.39.15:510][402]LogOutputDevice:Error: UE4Editor-SourceControlWindows.dll!0x00000000D945F274
[2017.04.16-16.39.15:510][402]LogOutputDevice:Error: UE4Editor-GitSourceControl.dll!0x00000000D090B851
[2017.04.16-16.39.15:510][402]LogOutputDevice:Error: UE4Editor-GitSourceControl.dll!0x00000000D091D1ED
[2017.04.16-16.39.15:510][402]LogOutputDevice:Error: UE4Editor-SourceControl.dll!0x00000000FBBA9C5C
[2017.04.16-16.39.15:510][402]LogOutputDevice:Error: UE4Editor-UnrealEd.dll!0x00000000DFB77517
[2017.04.16-16.39.15:510][402]LogOutputDevice:Error: UE4Editor-UnrealEd.dll!0x00000000E0382086
[2017.04.16-16.39.15:510][402]LogOutputDevice:Error: UE4Editor.exe!0x000000003BFCDEE3
[2017.04.16-16.39.15:510][402]LogOutputDevice:Error: UE4Editor.exe!0x000000003BFBEB40
[2017.04.16-16.39.15:510][402]LogOutputDevice:Error: UE4Editor.exe!0x000000003BFBEBBA
[2017.04.16-16.39.15:510][402]LogOutputDevice:Error: UE4Editor.exe!0x000000003BFD0A29
[2017.04.16-16.39.15:510][402]LogOutputDevice:Error: UE4Editor.exe!0x000000003BFD22B6
[2017.04.16-16.39.15:510][402]LogOutputDevice:Error: KERNEL32.DLL!0x000000002CD22774
[2017.04.16-16.39.15:510][402]LogOutputDevice:Error: ntdll.dll!0x000000002CE30D61
[2017.04.16-16.39.15:510][402]LogOutputDevice:Error: 
[2017.04.16-16.39.15:510][402]LogStats:                SubmitErrorReport -  0.000 s
